# JRE version: Java(TM) SE Runtime Environment (8.0_261-b12) (build 1.8.0_261-b12)
# Java VM: Java HotSpot(TM) 64-Bit Server VM (25.261-b12 mixed mode linux-amd64 compressed oops)
Heap:
 PSYoungGen      total 328192K, used 246451K [0x000000076d180000, 0x0000000782b80000, 0x00000007c0000000)
  eden space 316928K, 74% used [0x000000076d180000,0x000000077b72df38,0x0000000780700000)
  from space 11264K, 99% used [0x0000000782080000,0x0000000782b7efb0,0x0000000782b80000)
  to   space 13312K, 0% used [0x0000000781180000,0x0000000781180000,0x0000000781e80000)
 ParOldGen       total 137728K, used 15136K [0x00000006c7400000, 0x00000006cfa80000, 0x000000076d180000)
  object space 137728K, 10% used [0x00000006c7400000,0x00000006c82c8100,0x00000006cfa80000)
 Metaspace       used 56201K, capacity 58856K, committed 59008K, reserved 1099776K
  class space    used 7482K, capacity 7957K, committed 8064K, reserved 1048576K
GC Heap History (10 events):
Event: 11.811 GC heap before
{Heap before GC invocations=6 (full 1):
 PSYoungGen      total 139264K, used 129024K [0x000000076d180000, 0x0000000776380000, 0x00000007c0000000)
  eden space 129024K, 100% used [0x000000076d180000,0x0000000774f80000,0x0000000774f80000)
  from space 10240K, 0% used [0x0000000775980000,0x0000000775980000,0x0000000776380000)
  to   space 10240K, 0% used [0x0000000774f80000,0x0000000774f80000,0x0000000775980000)
 ParOldGen       total 92160K, used 7539K [0x00000006c7400000, 0x00000006cce00000, 0x000000076d180000)
  object space 92160K, 8% used [0x00000006c7400000,0x00000006c7b5ced8,0x00000006cce00000)
 Metaspace       used 25301K, capacity 26050K, committed 26368K, reserved 1073152K
  class space    used 3048K, capacity 3262K, committed 3328K, reserved 1048576K
Event: 11.849 GC heap after
Heap after GC invocations=6 (full 1):
 PSYoungGen      total 139264K, used 7081K [0x000000076d180000, 0x000000077b500000, 0x00000007c0000000)
  eden space 129024K, 0% used [0x000000076d180000,0x000000076d180000,0x0000000774f80000)
  from space 10240K, 69% used [0x0000000774f80000,0x000000077566a5b0,0x0000000775980000)
  to   space 9728K, 0% used [0x000000077ab80000,0x000000077ab80000,0x000000077b500000)
 ParOldGen       total 92160K, used 7547K [0x00000006c7400000, 0x00000006cce00000, 0x000000076d180000)
  object space 92160K, 8% used [0x00000006c7400000,0x00000006c7b5eed8,0x00000006cce00000)
 Metaspace       used 25301K, capacity 26050K, committed 26368K, reserved 1073152K
  class space    used 3048K, capacity 3262K, committed 3328K, reserved 1048576K
}
Event: 16.883 GC heap before
{Heap before GC invocations=7 (full 1):
 PSYoungGen      total 139264K, used 136105K [0x000000076d180000, 0x000000077b500000, 0x00000007c0000000)
  eden space 129024K, 100% used [0x000000076d180000,0x0000000774f80000,0x0000000774f80000)
  from space 10240K, 69% used [0x0000000774f80000,0x000000077566a5b0,0x0000000775980000)
  to   space 9728K, 0% used [0x000000077ab80000,0x000000077ab80000,0x000000077b500000)
 ParOldGen       total 92160K, used 7547K [0x00000006c7400000, 0x00000006cce00000, 0x000000076d180000)
  object space 92160K, 8% used [0x00000006c7400000,0x00000006c7b5eed8,0x00000006cce00000)
 Metaspace       used 30708K, capacity 32014K, committed 32256K, reserved 1077248K
  class space    used 3793K, capacity 4032K, committed 4096K, reserved 1048576K
Event: 16.936 GC heap after
Heap after GC invocations=7 (full 1):
 PSYoungGen      total 217088K, used 9700K [0x000000076d180000, 0x000000077b500000, 0x00000007c0000000)
  eden space 207360K, 0% used [0x000000076d180000,0x000000076d180000,0x0000000779c00000)
  from space 9728K, 99% used [0x000000077ab80000,0x000000077b4f9200,0x000000077b500000)
  to   space 11264K, 0% used [0x0000000779f00000,0x0000000779f00000,0x000000077aa00000)
 ParOldGen       total 92160K, used 8430K [0x00000006c7400000, 0x00000006cce00000, 0x000000076d180000)
  object space 92160K, 9% used [0x00000006c7400000,0x00000006c7c3bbe0,0x00000006cce00000)
 Metaspace       used 30708K, capacity 32014K, committed 32256K, reserved 1077248K
  class space    used 3793K, capacity 4032K, committed 4096K, reserved 1048576K
}
Event: 19.105 GC heap before
{Heap before GC invocations=8 (full 1):
 PSYoungGen      total 217088K, used 87823K [0x000000076d180000, 0x000000077b500000, 0x00000007c0000000)
  eden space 207360K, 37% used [0x000000076d180000,0x0000000771dcaa10,0x0000000779c00000)
  from space 9728K, 99% used [0x000000077ab80000,0x000000077b4f9200,0x000000077b500000)
  to   space 11264K, 0% used [0x0000000779f00000,0x0000000779f00000,0x000000077aa00000)
 ParOldGen       total 92160K, used 8430K [0x00000006c7400000, 0x00000006cce00000, 0x000000076d180000)
  object space 92160K, 9% used [0x00000006c7400000,0x00000006c7c3bbe0,0x00000006cce00000)
 Metaspace       used 33497K, capacity 35260K, committed 35416K, reserved 1081344K
  class space    used 4177K, capacity 4513K, committed 4608K, reserved 1048576K
Event: 19.165 GC heap after
Heap after GC invocations=8 (full 1):
 PSYoungGen      total 221696K, used 9062K [0x000000076d180000, 0x0000000782b80000, 0x00000007c0000000)
  eden space 210432K, 0% used [0x000000076d180000,0x000000076d180000,0x0000000779f00000)
  from space 11264K, 80% used [0x0000000779f00000,0x000000077a7d9820,0x000000077aa00000)
  to   space 11264K, 0% used [0x0000000782080000,0x0000000782080000,0x0000000782b80000)
 ParOldGen       total 92160K, used 8438K [0x00000006c7400000, 0x00000006cce00000, 0x000000076d180000)
  object space 92160K, 9% used [0x00000006c7400000,0x00000006c7c3dbe0,0x00000006cce00000)
 Metaspace       used 33497K, capacity 35260K, committed 35416K, reserved 1081344K
  class space    used 4177K, capacity 4513K, committed 4608K, reserved 1048576K
}
Event: 19.165 GC heap before
{Heap before GC invocations=9 (full 2):
 PSYoungGen      total 221696K, used 9062K [0x000000076d180000, 0x0000000782b80000, 0x00000007c0000000)
  eden space 210432K, 0% used [0x000000076d180000,0x000000076d180000,0x0000000779f00000)
  from space 11264K, 80% used [0x0000000779f00000,0x000000077a7d9820,0x000000077aa00000)
  to   space 11264K, 0% used [0x0000000782080000,0x0000000782080000,0x0000000782b80000)
 ParOldGen       total 92160K, used 8438K [0x00000006c7400000, 0x00000006cce00000, 0x000000076d180000)
  object space 92160K, 9% used [0x00000006c7400000,0x00000006c7c3dbe0,0x00000006cce00000)
 Metaspace       used 33497K, capacity 35260K, committed 35416K, reserved 1081344K
  class space    used 4177K, capacity 4513K, committed 4608K, reserved 1048576K
Event: 19.460 GC heap after
Heap after GC invocations=9 (full 2):
 PSYoungGen      total 221696K, used 0K [0x000000076d180000, 0x0000000782b80000, 0x00000007c0000000)
  eden space 210432K, 0% used [0x000000076d180000,0x000000076d180000,0x0000000779f00000)
  from space 11264K, 0% used [0x0000000779f00000,0x0000000779f00000,0x000000077aa00000)
  to   space 11264K, 0% used [0x0000000782080000,0x0000000782080000,0x0000000782b80000)
 ParOldGen       total 137728K, used 13938K [0x00000006c7400000, 0x00000006cfa80000, 0x000000076d180000)
  object space 137728K, 10% used [0x00000006c7400000,0x00000006c819c918,0x00000006cfa80000)
 Metaspace       used 33497K, capacity 35260K, committed 35416K, reserved 1081344K
  class space    used 4177K, capacity 4513K, committed 4608K, reserved 1048576K
}
Event: 26.359 GC heap before
{Heap before GC invocations=10 (full 2):
 PSYoungGen      total 221696K, used 210432K [0x000000076d180000, 0x0000000782b80000, 0x00000007c0000000)
  eden space 210432K, 100% used [0x000000076d180000,0x0000000779f00000,0x0000000779f00000)
  from space 11264K, 0% used [0x0000000779f00000,0x0000000779f00000,0x000000077aa00000)
  to   space 11264K, 0% used [0x0000000782080000,0x0000000782080000,0x0000000782b80000)
 ParOldGen       total 137728K, used 13938K [0x00000006c7400000, 0x00000006cfa80000, 0x000000076d180000)
  object space 137728K, 10% used [0x00000006c7400000,0x00000006c819c918,0x00000006cfa80000)
 Metaspace       used 44277K, capacity 46344K, committed 46592K, reserved 1089536K
  class space    used 5678K, capacity 6061K, committed 6144K, reserved 1048576K
Event: 26.439 GC heap after
Heap after GC invocations=10 (full 2):
 PSYoungGen      total 328192K, used 11259K [0x000000076d180000, 0x0000000782b80000, 0x00000007c0000000)
  eden space 316928K, 0% used [0x000000076d180000,0x000000076d180000,0x0000000780700000)
  from space 11264K, 99% used [0x0000000782080000,0x0000000782b7efb0,0x0000000782b80000)
  to   space 13312K, 0% used [0x0000000781180000,0x0000000781180000,0x0000000781e80000)
 ParOldGen       total 137728K, used 15136K [0x00000006c7400000, 0x00000006cfa80000, 0x000000076d180000)
  object space 137728K, 10% used [0x00000006c7400000,0x00000006c82c8100,0x00000006cfa80000)
 Metaspace       used 44277K, capacity 46344K, committed 46592K, reserved 1089536K
  class space    used 5678K, capacity 6061K, committed 6144K, reserved 1048576K
}

