# JRE version: Java(TM) SE Runtime Environment (8.0_261-b12) (build 1.8.0_261-b12)
# Java VM: Java HotSpot(TM) 64-Bit Server VM (25.261-b12 mixed mode linux-amd64 compressed oops)
Heap:
 PSYoungGen      total 287744K, used 266294K [0x000000076d180000, 0x000000077fc00000, 0x00000007c0000000)
  eden space 276480K, 92% used [0x000000076d180000,0x000000077ca98850,0x000000077df80000)
  from space 11264K, 99% used [0x000000077eb80000,0x000000077f675338,0x000000077f680000)
  to   space 12288K, 0% used [0x000000077df80000,0x000000077df80000,0x000000077eb80000)
 ParOldGen       total 159232K, used 14062K [0x00000006c7400000, 0x00000006d0f80000, 0x000000076d180000)
  object space 159232K, 8% used [0x00000006c7400000,0x00000006c81bbbf0,0x00000006d0f80000)
 Metaspace       used 56243K, capacity 58857K, committed 58968K, reserved 1099776K
  class space    used 7498K, capacity 7958K, committed 8064K, reserved 1048576K
GC Heap History (10 events):
Event: 12.647 GC heap before
{Heap before GC invocations=6 (full 1):
 PSYoungGen      total 139264K, used 129024K [0x000000076d180000, 0x0000000776380000, 0x00000007c0000000)
  eden space 129024K, 100% used [0x000000076d180000,0x0000000774f80000,0x0000000774f80000)
  from space 10240K, 0% used [0x0000000775980000,0x0000000775980000,0x0000000776380000)
  to   space 10240K, 0% used [0x0000000774f80000,0x0000000774f80000,0x0000000775980000)
 ParOldGen       total 102400K, used 7538K [0x00000006c7400000, 0x00000006cd800000, 0x000000076d180000)
  object space 102400K, 7% used [0x00000006c7400000,0x00000006c7b5c8d8,0x00000006cd800000)
 Metaspace       used 25332K, capacity 26100K, committed 26368K, reserved 1073152K
  class space    used 3049K, capacity 3259K, committed 3328K, reserved 1048576K
Event: 12.701 GC heap after
Heap after GC invocations=6 (full 1):
 PSYoungGen      total 139264K, used 6969K [0x000000076d180000, 0x000000077a080000, 0x00000007c0000000)
  eden space 129024K, 0% used [0x000000076d180000,0x000000076d180000,0x0000000774f80000)
  from space 10240K, 68% used [0x0000000774f80000,0x000000077564e600,0x0000000775980000)
  to   space 8704K, 0% used [0x0000000779800000,0x0000000779800000,0x000000077a080000)
 ParOldGen       total 102400K, used 7546K [0x00000006c7400000, 0x00000006cd800000, 0x000000076d180000)
  object space 102400K, 7% used [0x00000006c7400000,0x00000006c7b5e8d8,0x00000006cd800000)
 Metaspace       used 25332K, capacity 26100K, committed 26368K, reserved 1073152K
  class space    used 3049K, capacity 3259K, committed 3328K, reserved 1048576K
}
Event: 18.070 GC heap before
{Heap before GC invocations=7 (full 1):
 PSYoungGen      total 139264K, used 135993K [0x000000076d180000, 0x000000077a080000, 0x00000007c0000000)
  eden space 129024K, 100% used [0x000000076d180000,0x0000000774f80000,0x0000000774f80000)
  from space 10240K, 68% used [0x0000000774f80000,0x000000077564e600,0x0000000775980000)
  to   space 8704K, 0% used [0x0000000779800000,0x0000000779800000,0x000000077a080000)
 ParOldGen       total 102400K, used 7546K [0x00000006c7400000, 0x00000006cd800000, 0x000000076d180000)
  object space 102400K, 7% used [0x00000006c7400000,0x00000006c7b5e8d8,0x00000006cd800000)
 Metaspace       used 30598K, capacity 31882K, committed 32000K, reserved 1077248K
  class space    used 3780K, capacity 4032K, committed 4096K, reserved 1048576K
Event: 18.129 GC heap after
Heap after GC invocations=7 (full 1):
 PSYoungGen      total 198656K, used 8684K [0x000000076d180000, 0x000000077a080000, 0x00000007c0000000)
  eden space 189952K, 0% used [0x000000076d180000,0x000000076d180000,0x0000000778b00000)
  from space 8704K, 99% used [0x0000000779800000,0x000000077a07b098,0x000000077a080000)
  to   space 10752K, 0% used [0x0000000778b80000,0x0000000778b80000,0x0000000779600000)
 ParOldGen       total 102400K, used 9278K [0x00000006c7400000, 0x00000006cd800000, 0x000000076d180000)
  object space 102400K, 9% used [0x00000006c7400000,0x00000006c7d0f940,0x00000006cd800000)
 Metaspace       used 30598K, capacity 31882K, committed 32000K, reserved 1077248K
  class space    used 3780K, capacity 4032K, committed 4096K, reserved 1048576K
}
Event: 20.539 GC heap before
{Heap before GC invocations=8 (full 1):
 PSYoungGen      total 198656K, used 86235K [0x000000076d180000, 0x000000077a080000, 0x00000007c0000000)
  eden space 189952K, 40% used [0x000000076d180000,0x0000000771d3bbf0,0x0000000778b00000)
  from space 8704K, 99% used [0x0000000779800000,0x000000077a07b098,0x000000077a080000)
  to   space 10752K, 0% used [0x0000000778b80000,0x0000000778b80000,0x0000000779600000)
 ParOldGen       total 102400K, used 9278K [0x00000006c7400000, 0x00000006cd800000, 0x000000076d180000)
  object space 102400K, 9% used [0x00000006c7400000,0x00000006c7d0f940,0x00000006cd800000)
 Metaspace       used 33460K, capacity 35287K, committed 35416K, reserved 1081344K
  class space    used 4163K, capacity 4480K, committed 4480K, reserved 1048576K
Event: 20.579 GC heap after
Heap after GC invocations=8 (full 1):
 PSYoungGen      total 201216K, used 9052K [0x000000076d180000, 0x000000077f680000, 0x00000007c0000000)
  eden space 190464K, 0% used [0x000000076d180000,0x000000076d180000,0x0000000778b80000)
  from space 10752K, 84% used [0x0000000778b80000,0x0000000779457200,0x0000000779600000)
  to   space 11264K, 0% used [0x000000077eb80000,0x000000077eb80000,0x000000077f680000)
 ParOldGen       total 102400K, used 9286K [0x00000006c7400000, 0x00000006cd800000, 0x000000076d180000)
  object space 102400K, 9% used [0x00000006c7400000,0x00000006c7d11940,0x00000006cd800000)
 Metaspace       used 33460K, capacity 35287K, committed 35416K, reserved 1081344K
  class space    used 4163K, capacity 4480K, committed 4480K, reserved 1048576K
}
Event: 20.580 GC heap before
{Heap before GC invocations=9 (full 2):
 PSYoungGen      total 201216K, used 9052K [0x000000076d180000, 0x000000077f680000, 0x00000007c0000000)
  eden space 190464K, 0% used [0x000000076d180000,0x000000076d180000,0x0000000778b80000)
  from space 10752K, 84% used [0x0000000778b80000,0x0000000779457200,0x0000000779600000)
  to   space 11264K, 0% used [0x000000077eb80000,0x000000077eb80000,0x000000077f680000)
 ParOldGen       total 102400K, used 9286K [0x00000006c7400000, 0x00000006cd800000, 0x000000076d180000)
  object space 102400K, 9% used [0x00000006c7400000,0x00000006c7d11940,0x00000006cd800000)
 Metaspace       used 33460K, capacity 35287K, committed 35416K, reserved 1081344K
  class space    used 4163K, capacity 4480K, committed 4480K, reserved 1048576K
Event: 20.781 GC heap after
Heap after GC invocations=9 (full 2):
 PSYoungGen      total 201216K, used 0K [0x000000076d180000, 0x000000077f680000, 0x00000007c0000000)
  eden space 190464K, 0% used [0x000000076d180000,0x000000076d180000,0x0000000778b80000)
  from space 10752K, 0% used [0x0000000778b80000,0x0000000778b80000,0x0000000779600000)
  to   space 11264K, 0% used [0x000000077eb80000,0x000000077eb80000,0x000000077f680000)
 ParOldGen       total 159232K, used 14054K [0x00000006c7400000, 0x00000006d0f80000, 0x000000076d180000)
  object space 159232K, 8% used [0x00000006c7400000,0x00000006c81b9bf0,0x00000006d0f80000)
 Metaspace       used 33460K, capacity 35287K, committed 35416K, reserved 1081344K
  class space    used 4163K, capacity 4480K, committed 4480K, reserved 1048576K
}
Event: 26.905 GC heap before
{Heap before GC invocations=10 (full 2):
 PSYoungGen      total 201216K, used 190464K [0x000000076d180000, 0x000000077f680000, 0x00000007c0000000)
  eden space 190464K, 100% used [0x000000076d180000,0x0000000778b80000,0x0000000778b80000)
  from space 10752K, 0% used [0x0000000778b80000,0x0000000778b80000,0x0000000779600000)
  to   space 11264K, 0% used [0x000000077eb80000,0x000000077eb80000,0x000000077f680000)
 ParOldGen       total 159232K, used 14054K [0x00000006c7400000, 0x00000006d0f80000, 0x000000076d180000)
  object space 159232K, 8% used [0x00000006c7400000,0x00000006c81b9bf0,0x00000006d0f80000)
 Metaspace       used 42999K, capacity 45027K, committed 45400K, reserved 1089536K
  class space    used 5519K, capacity 5901K, committed 6016K, reserved 1048576K
Event: 27.002 GC heap after
Heap after GC invocations=10 (full 2):
 PSYoungGen      total 287744K, used 11220K [0x000000076d180000, 0x000000077fc00000, 0x00000007c0000000)
  eden space 276480K, 0% used [0x000000076d180000,0x000000076d180000,0x000000077df80000)
  from space 11264K, 99% used [0x000000077eb80000,0x000000077f675338,0x000000077f680000)
  to   space 12288K, 0% used [0x000000077df80000,0x000000077df80000,0x000000077eb80000)
 ParOldGen       total 159232K, used 14062K [0x00000006c7400000, 0x00000006d0f80000, 0x000000076d180000)
  object space 159232K, 8% used [0x00000006c7400000,0x00000006c81bbbf0,0x00000006d0f80000)
 Metaspace       used 42999K, capacity 45027K, committed 45400K, reserved 1089536K
  class space    used 5519K, capacity 5901K, committed 6016K, reserved 1048576K
}

